number,value,datetime_start,datetime_complete,duration,params_colsample_bytree,params_learning_rate,params_max_depth,params_min_child_weight,params_n_estimators,params_reg_alpha,params_reg_lambda,params_subsample,state
0,-0.5086206896551724,2026-06-29 08:59:34.502725,2026-06-29 08:59:58.378315,0 days 00:00:23.875590,0.5779972601681014,0.1205712628744377,12,12,437,3.3323645788192616e-08,0.6245760287469893,0.5780093202212182,COMPLETE
1,-0.5172413793103449,2026-06-29 08:59:58.380315,2026-06-29 09:02:14.818140,0 days 00:02:16.437825,0.6061695553391381,0.010725209743171996,10,20,641,4.329370014459266e-07,4.4734294104626844e-07,0.9162213204002109,COMPLETE
2,-0.5,2026-06-29 09:02:14.819141,2026-06-29 09:02:52.991385,0 days 00:00:38.172244,0.569746930326021,0.04345454109729477,8,6,374,4.258943089524393e-06,1.9826980964985924e-05,0.8059264473611898,COMPLETE
3,-0.5086206896551724,2026-06-29 09:02:52.992421,2026-06-29 09:04:04.177165,0 days 00:01:11.184744,0.5232252063599989,0.019721610970574007,10,11,510,0.0029369981104377003,3.425445902633376e-07,0.7962072844310213,COMPLETE
4,-0.45689655172413796,2026-06-29 09:04:04.177165,2026-06-29 09:04:20.001199,0 days 00:00:15.824034,0.5488360570031919,0.26690431824362526,12,17,158,0.014391207615728067,9.148975058772307e-05,0.6523068845866853,COMPLETE
5,-0.5,2026-06-29 09:04:20.002173,2026-06-29 09:04:58.228556,0 days 00:00:38.226383,0.831261142176991,0.011240768803005551,7,19,209,6.388511557344611e-06,0.0004793052550782129,0.6293899908000085,COMPLETE
6,-0.5086206896551724,2026-06-29 09:04:58.228556,2026-06-29 09:05:10.749830,0 days 00:00:12.521274,0.9474136752138245,0.27051668818999286,4,16,592,0.002404915432737351,1.9809253750493907,0.9697494707820946,COMPLETE
7,-0.4827586206896552,2026-06-29 09:05:10.751531,2026-06-29 09:05:33.353794,0 days 00:00:22.602263,0.6356745158869479,0.011662890273931383,4,7,179,0.28749982347407854,1.6247252885719427e-05,0.6943386448447411,COMPLETE
8,-0.5344827586206896,2026-06-29 09:05:33.354790,2026-06-29 09:06:42.933940,0 days 00:01:09.579150,0.9934434683002586,0.016149614799999188,8,17,353,0.08916674715636537,6.143857495033091e-07,0.5372753218398854,COMPLETE
9,-0.5,2026-06-29 09:06:42.934549,2026-06-29 09:07:04.342682,0 days 00:00:21.408133,0.5370223258670452,0.11069143219393454,11,15,104,1.683416412018213e-05,1.1036250149900698e-07,0.8856351733429728,COMPLETE
10,-0.5258620689655172,2026-06-29 09:07:04.343685,2026-06-29 09:08:20.294030,0 days 00:01:15.950345,0.9538323976412588,0.02847748683027988,7,1,951,4.922653156888205,0.012239414084831183,0.5072835039169765,COMPLETE
11,-0.5517241379310345,2026-06-29 09:08:20.295031,2026-06-29 09:09:50.712113,0 days 00:01:30.417082,0.99779709030838,0.030062564615220954,7,1,953,8.533610289924255,0.00980033118321906,0.5117573877987994,COMPLETE
12,-0.5258620689655172,2026-06-29 09:09:50.713896,2026-06-29 09:11:44.875534,0 days 00:01:54.161638,0.999382822859268,0.024795803650758546,6,1,992,9.429345195090526,0.012341345845574316,0.5312707459847152,COMPLETE
13,-0.49137931034482757,2026-06-29 09:11:44.876510,2026-06-29 09:12:35.513272,0 days 00:00:50.636762,0.8439485793396349,0.05051045620089961,9,7,780,0.19484763968373656,0.00884616043320679,0.5856019492388042,COMPLETE
14,-0.5086206896551724,2026-06-29 09:12:35.514279,2026-06-29 09:13:27.773632,0 days 00:00:52.259353,0.8681482507362088,0.018554015944557,6,4,320,0.2800788103807827,2.436942772256965e-06,0.5065701578589044,COMPLETE
15,-0.5172413793103449,2026-06-29 09:13:27.774634,2026-06-29 09:14:25.436370,0 days 00:00:57.661736,0.7127947321819144,0.03618650204291595,5,13,774,0.048889303919659594,1.0822800100877855e-08,0.7261631564388042,COMPLETE
16,-0.49137931034482757,2026-06-29 09:14:25.436370,2026-06-29 09:14:48.608904,0 days 00:00:23.172534,0.9045549596434479,0.07825384275237819,8,10,826,0.00017783705706402869,0.0011073270135518482,0.5707921208261757,COMPLETE
17,-0.5,2026-06-29 09:14:48.609877,2026-06-29 09:15:59.928269,0 days 00:01:11.318392,0.7798079465483917,0.017850705608912134,3,4,653,1.6443750472178449,0.06613818087728787,0.6548503898583582,COMPLETE
18,-0.5172413793103449,2026-06-29 09:15:59.929272,2026-06-29 09:16:28.628632,0 days 00:00:28.699360,0.9823479080591535,0.06999505553587322,9,14,300,1.0298324451098892,0.1473357711352491,0.6050011971680269,COMPLETE
19,-0.5086206896551724,2026-06-29 09:16:28.630635,2026-06-29 09:17:21.326049,0 days 00:00:52.695414,0.9134336554829187,0.03118264443895997,6,9,484,0.014839304721144149,0.0013106103994484203,0.5478379935389537,COMPLETE
20,-0.5086206896551724,2026-06-29 09:17:21.327050,2026-06-29 09:18:52.833610,0 days 00:01:31.506560,0.7051102112946549,0.015479185062563062,9,18,886,0.000421628945103269,7.55189555852559e-06,0.7861983638172063,COMPLETE
21,-0.5258620689655172,2026-06-29 09:18:52.834587,2026-06-29 09:20:21.279438,0 days 00:01:28.444851,0.9432055274224647,0.02537399931459982,7,1,999,9.83791999493864,0.019518347566395734,0.5081975287245631,COMPLETE
22,-0.5431034482758621,2026-06-29 09:20:21.279438,2026-06-29 09:21:26.208598,0 days 00:01:04.929160,0.9595584585216577,0.02685817281967102,7,3,900,2.1108854653760125,5.765835785477878,0.5465258547556022,COMPLETE
23,-0.5258620689655172,2026-06-29 09:21:26.209582,2026-06-29 09:22:24.260572,0 days 00:00:58.050990,0.894815152927811,0.0368814641400495,8,3,890,0.7248538403433019,8.03806103896627,0.5553367358461432,COMPLETE
24,-0.5086206896551724,2026-06-29 09:22:24.261948,2026-06-29 09:24:02.515030,0 days 00:01:38.253082,0.995080434345959,0.015315063609532041,5,4,723,0.055950378700143744,0.5043437211810551,0.682635976821535,COMPLETE
25,-0.5344827586206896,2026-06-29 09:24:02.517035,2026-06-29 09:25:40.776301,0 days 00:01:38.259266,0.8170064962868606,0.022443998345755497,7,3,891,2.467326543933042,9.879192474391058,0.6201422312712286,COMPLETE
26,-0.5086206896551724,2026-06-29 09:25:40.777276,2026-06-29 09:26:10.372241,0 days 00:00:29.594965,0.9638332679042384,0.06113517829757216,6,8,702,0.09149471087226226,0.00010263893980880206,0.534709581774026,COMPLETE
27,-0.5258620689655172,2026-06-29 09:26:10.372241,2026-06-29 09:27:34.182269,0 days 00:01:23.810028,0.9226006257576806,0.013787692358972432,8,6,397,0.7863014890036158,1.605690886977134e-08,0.5939872413482247,COMPLETE
28,-0.5086206896551724,2026-06-29 09:27:34.198504,2026-06-29 09:28:20.009318,0 days 00:00:45.810814,0.8735950644385609,0.04013502796921124,10,2,292,0.008621619802783122,0.003297623128074888,0.7530167091515672,COMPLETE
29,-0.5258620689655172,2026-06-29 09:28:20.010296,2026-06-29 09:28:43.497144,0 days 00:00:23.486848,0.7877253869443861,0.1022268832486803,5,12,579,0.0007361335148543996,0.9271452688024027,0.5709206419405317,COMPLETE
30,-0.5,2026-06-29 09:28:43.498143,2026-06-29 09:29:46.799190,0 days 00:01:03.301047,0.9732709746222247,0.021824020201779988,9,5,462,2.4249713988677684e-08,0.24568859244904986,0.8495462264155911,COMPLETE
31,-0.5344827586206896,2026-06-29 09:29:46.800191,2026-06-29 09:30:55.565851,0 days 00:01:08.765660,0.8188204837442796,0.0300121424233423,7,2,901,1.6911015304159498,8.860434287069536,0.6067477624876898,COMPLETE
32,-0.5431034482758621,2026-06-29 09:30:55.566852,2026-06-29 09:32:22.334852,0 days 00:01:26.768000,0.9309558430282953,0.022349270828980927,7,3,931,3.0329936632410996,5.890662594552455,0.6385629400276486,COMPLETE
33,-0.5258620689655172,2026-06-29 09:32:22.335855,2026-06-29 09:34:13.120146,0 days 00:01:50.784291,0.9274628776972463,0.013455286951496667,8,3,825,0.41587179434799904,2.1517670945714444,0.5371022260800715,COMPLETE
34,-0.5172413793103449,2026-06-29 09:34:13.121148,2026-06-29 09:34:48.074617,0 days 00:00:34.953469,0.8859010807155295,0.047435528649576834,6,20,941,1.261359391194559e-07,0.07229819807729318,0.5001645811433564,COMPLETE
35,-0.5431034482758621,2026-06-29 09:34:48.075619,2026-06-29 09:36:28.454116,0 days 00:01:40.378497,0.9516353724261131,0.018656527678133448,7,5,835,3.978011783032076,8.655426415678641e-07,0.6519376202574024,COMPLETE
36,-0.5431034482758621,2026-06-29 09:36:28.455116,2026-06-29 09:37:30.132784,0 days 00:01:01.677668,0.9470259620550173,0.03320222672077084,7,5,939,4.182525093941233,2.0966614779186967,0.6432611331897884,COMPLETE
37,-0.5431034482758621,2026-06-29 09:37:30.148205,2026-06-29 09:38:55.854821,0 days 00:01:25.706616,0.8681220243156201,0.02144780087990547,6,2,811,3.22960794140117,0.00015078709324093764,0.6807589613919836,COMPLETE
38,-0.5344827586206896,2026-06-29 09:38:55.856825,2026-06-29 09:40:51.980158,0 days 00:01:56.123333,0.5013339806386407,0.019314199406217845,5,6,847,9.777773442270178,4.555111025713116e-05,0.7298014523679569,COMPLETE
39,-0.5,2026-06-29 09:40:51.980158,2026-06-29 09:41:05.188378,0 days 00:00:13.208220,0.9305521693638431,0.20539910138006007,7,5,745,6.921832114821532e-05,6.863355841362782e-08,0.6659224339223302,COMPLETE
40,-0.5086206896551724,2026-06-29 09:41:05.188378,2026-06-29 09:42:19.705924,0 days 00:01:14.517546,0.9724588725545086,0.02630548653407607,4,8,643,0.169175998035701,1.8379490359276325e-06,0.6245547463876601,COMPLETE
41,-0.5431034482758621,2026-06-29 09:42:19.706900,2026-06-29 09:43:16.212938,0 days 00:00:56.506038,0.9485306077052283,0.03437146368770269,7,3,948,2.2668279854398934,1.7691355794971313,0.63838855101454,COMPLETE
42,-0.5344827586206896,2026-06-29 09:43:16.213938,2026-06-29 09:44:10.907647,0 days 00:00:54.693709,0.9567771501349519,0.04205973235272857,7,5,948,4.3523079958265045,2.6790553002601856,0.7038714741996795,COMPLETE
43,-0.5172413793103449,2026-06-29 09:44:10.908648,2026-06-29 09:46:27.659762,0 days 00:02:16.751114,0.6119307333245627,0.010229730472452176,8,2,861,0.5635498084409825,0.6708000238381524,0.6448511701299052,COMPLETE
44,-0.5431034482758621,2026-06-29 09:46:27.660765,2026-06-29 09:47:34.354087,0 days 00:01:06.693322,0.9131240463398752,0.031826856121366376,6,1,928,4.144038575267383,3.8283478330928955,0.5695471010193581,COMPLETE
45,-0.5172413793103449,2026-06-29 09:47:34.355090,2026-06-29 09:48:06.365306,0 days 00:00:32.010216,0.8530249670901011,0.05598300522390054,7,7,998,0.03133104900679623,0.2881762004389609,0.7622983685363112,COMPLETE
46,-0.5086206896551724,2026-06-29 09:48:06.367304,2026-06-29 09:49:16.434135,0 days 00:01:10.066831,0.9766640330624694,0.024777764254778012,10,4,912,1.1018937694525577,0.028195040529882323,0.7174880803700908,COMPLETE
47,-0.5,2026-06-29 09:49:16.434135,2026-06-29 09:50:09.813870,0 days 00:00:53.379735,0.9366814815374542,0.02840617191269741,8,5,797,5.284030574460995e-07,1.005152362763242,0.6702290052466147,COMPLETE
48,-0.5258620689655172,2026-06-29 09:50:09.814870,2026-06-29 09:52:16.154511,0 days 00:02:06.339641,0.9900151637629389,0.012053971214237949,9,6,972,0.17803323882663247,0.07044789967290982,0.5998165867284139,COMPLETE
49,-0.5086206896551724,2026-06-29 09:52:16.156518,2026-06-29 09:53:37.566523,0 days 00:01:21.410005,0.8941076501050065,0.018434766429436252,6,1,867,0.0024915023948579402,0.005620125198306541,0.5195011147475881,COMPLETE
