number,value,datetime_start,datetime_complete,duration,params_colsample_bytree,params_learning_rate,params_max_depth,params_min_child_samples,params_n_estimators,params_num_leaves,params_reg_alpha,params_reg_lambda,params_subsample,state
0,-0.41379310344827586,2026-06-29 08:33:51.836359,2026-06-29 08:34:35.054010,0 days 00:00:43.217651,0.5290418060840998,0.07661100707771368,10,24,437,144,0.6245760287469893,0.002570603566117598,0.5779972601681014,COMPLETE
1,-0.33620689655172414,2026-06-29 08:34:35.057011,2026-06-29 08:34:42.661459,0 days 00:00:07.604448,0.5917022549267169,0.16967533607196555,12,29,737,22,5.472429642032198e-06,0.00052821153945323,0.5909124836035503,COMPLETE
2,-0.5258620689655172,2026-06-29 08:34:42.662459,2026-06-29 08:35:16.599041,0 days 00:00:33.936582,0.728034992108518,0.01607123851203988,9,36,489,58,0.1165691561324743,6.267062696005991e-07,0.6831809216468459,COMPLETE
3,-0.5086206896551724,2026-06-29 08:35:16.600044,2026-06-29 08:35:41.939097,0 days 00:00:25.339053,0.9744427686266666,0.07896186801026692,3,25,563,97,4.905556676028774,0.18861495878553936,0.5325257964926398,COMPLETE
4,-0.4827586206896552,2026-06-29 08:35:41.941108,2026-06-29 08:36:01.387134,0 days 00:00:19.446026,0.5171942605576092,0.044684675025045834,9,21,374,32,1.527156759251193,2.133142332373004e-06,0.7475884550556351,COMPLETE
5,-0.5344827586206896,2026-06-29 08:36:01.388132,2026-06-29 08:36:21.935141,0 days 00:00:20.547009,0.8875664116805573,0.06420330336297862,8,26,696,60,2.854239907497756,1.1309571585271483,0.9847923138822793,COMPLETE
6,-0.49137931034482757,2026-06-29 08:36:21.936141,2026-06-29 08:37:15.114948,0 days 00:00:53.178807,0.6943386448447411,0.01947558230629543,3,14,638,140,2.7678419414850017e-06,0.28749982347407854,0.6626651653816322,COMPLETE
7,-0.49137931034482757,2026-06-29 08:37:15.116949,2026-06-29 08:37:55.955551,0 days 00:00:40.838602,0.9934434683002586,0.016149614799999188,8,82,421,56,0.08916674715636537,6.143857495033091e-07,0.5372753218398854,COMPLETE
8,-0.46551724137931033,2026-06-29 08:37:55.956553,2026-06-29 08:38:21.072206,0 days 00:00:25.115653,0.6792328642721364,0.11935262708510537,10,80,104,126,1.1036250149900698e-07,0.5860448217200517,0.5370223258670452,COMPLETE
9,-0.5,2026-06-29 08:38:21.078204,2026-06-29 08:38:49.545496,0 days 00:00:28.467292,0.8187787356776066,0.028797752657070342,3,39,661,63,0.9658611176861268,0.0001778010520878397,0.864803089169032,COMPLETE
10,-0.46551724137931033,2026-06-29 08:38:49.547487,2026-06-29 08:38:59.943985,0 days 00:00:10.396498,0.8651834476035047,0.2382900342041922,6,57,967,95,0.0028615494462317257,5.358757267475074,0.9538323976412588,COMPLETE
11,-0.5172413793103449,2026-06-29 08:38:59.943985,2026-06-29 08:39:33.698550,0 days 00:00:33.754565,0.8097669715667996,0.01086098407562867,6,49,865,62,0.012098055308424125,1.673134167089904e-08,0.7409481648316648,COMPLETE
12,-0.47413793103448276,2026-06-29 08:39:33.700551,2026-06-29 08:39:58.475164,0 days 00:00:24.774613,0.9035795881028436,0.036930470495517204,6,56,227,46,0.00023057632649263381,9.509719026429713e-06,0.841043072612275,COMPLETE
13,-0.43103448275862066,2026-06-29 08:39:58.476163,2026-06-29 08:40:13.266559,0 days 00:00:14.790396,0.7430137144865211,0.06817779343845316,12,38,828,87,0.026384626312481962,2.242494289712359e-08,0.9590506869109973,COMPLETE
14,-0.47413793103448276,2026-06-29 08:40:13.268185,2026-06-29 08:40:33.958572,0 days 00:00:20.690387,0.9132148031030576,0.0247352062978636,7,67,524,72,0.0003278583999966373,0.02209753057171327,0.6677349544985036,COMPLETE
15,-0.5,2026-06-29 08:40:33.959374,2026-06-29 08:41:19.147527,0 days 00:00:45.188153,0.634585496879791,0.010380836837556022,8,11,307,44,9.675360529760509,2.7877113611683403e-05,0.8449184992167584,COMPLETE
16,-0.4396551724137931,2026-06-29 08:41:19.148522,2026-06-29 08:41:36.494966,0 days 00:00:17.346444,0.7640417830669839,0.04584727462143051,10,39,544,76,0.129081629139546,3.651120066296722e-07,0.6866416129818205,COMPLETE
17,-0.4396551724137931,2026-06-29 08:41:36.496965,2026-06-29 08:41:46.706874,0 days 00:00:10.209909,0.754741559801577,0.126369092684654,5,45,736,105,0.0014561469589187425,0.009965279802927766,0.9991586589503829,COMPLETE
18,-0.5344827586206896,2026-06-29 08:41:46.707864,2026-06-29 08:42:39.620207,0 days 00:00:52.912343,0.8400645411033716,0.01523706911427986,9,64,997,41,0.21956774205104782,5.921966859268471,0.8004140873561105,COMPLETE
19,-0.47413793103448276,2026-06-29 08:42:39.637537,2026-06-29 08:42:45.870591,0 days 00:00:06.233054,0.9304328079976769,0.29123033899917045,11,95,997,21,5.799449092292779e-05,8.150052631433418,0.8898630426456755,COMPLETE
20,-0.49137931034482757,2026-06-29 08:42:45.871591,2026-06-29 08:43:00.240111,0 days 00:00:14.368520,0.8490483200027006,0.0321311679672126,7,66,853,43,1.2722974438529106e-08,1.3618642579127946,0.7909501529161618,COMPLETE
21,-0.5086206896551724,2026-06-29 08:43:00.240111,2026-06-29 08:43:31.941250,0 days 00:00:31.701139,0.7927604807584495,0.015910698770461782,9,32,725,53,0.20544207009482063,0.04096658002513833,0.710100762745815,COMPLETE
22,-0.5,2026-06-29 08:43:31.942229,2026-06-29 08:44:11.630415,0 days 00:00:39.688186,0.8693824648073203,0.021083402662169376,9,65,481,37,0.0161938269776464,1.5910474223279023,0.789942336156594,COMPLETE
23,-0.5,2026-06-29 08:44:11.630415,2026-06-29 08:45:35.870894,0 days 00:01:24.240479,0.7072958782974688,0.013344403710575133,8,49,620,72,2.230100874180142,9.096092040849506e-05,0.6221678270431465,COMPLETE
24,-0.5,2026-06-29 08:45:35.870894,2026-06-29 08:45:53.513944,0 days 00:00:17.643050,0.9490826978203384,0.057480148599514246,11,78,291,30,0.28091561287036115,0.07718280958642396,0.9041911261878655,COMPLETE
25,-0.3103448275862069,2026-06-29 08:45:53.516502,2026-06-29 08:46:02.986092,0 days 00:00:09.469590,0.8279739200981544,0.10075746540861169,9,34,923,55,0.06940008776052584,0.0037808240309628676,0.798530374169252,COMPLETE
26,-0.47413793103448276,2026-06-29 08:46:02.987087,2026-06-29 08:46:23.625851,0 days 00:00:20.638764,0.8959010347563757,0.0239385476330232,7,17,784,79,0.0029115018646429275,1.1682158156964979e-07,0.7131604453204495,COMPLETE
27,-0.5086206896551724,2026-06-29 08:46:23.626893,2026-06-29 08:47:25.907055,0 days 00:01:02.280162,0.7291294335054496,0.013822213318435826,11,46,911,60,8.310348469477981,0.0006694282488559843,0.6220104971276119,COMPLETE
28,-0.49137931034482757,2026-06-29 08:47:25.908054,2026-06-29 08:47:38.795777,0 days 00:00:12.887723,0.784346085497571,0.03814335759432875,5,72,680,111,0.5817264325232491,4.601769561330307e-06,0.9512746736107927,COMPLETE
29,-0.5,2026-06-29 08:47:38.796774,2026-06-29 08:47:50.513189,0 days 00:00:11.716415,0.6309348519424279,0.0762988885236786,10,24,453,68,0.8045785191462241,0.0025244715620066035,0.9946112655746745,COMPLETE
30,-0.4827586206896552,2026-06-29 08:47:50.514199,2026-06-29 08:48:05.680068,0 days 00:00:15.165869,0.5615546708760338,0.04859365062366881,8,92,597,48,0.043859558148987815,2.397450091488653,0.9101320728802786,COMPLETE
31,-0.5086206896551724,2026-06-29 08:48:05.681068,2026-06-29 08:48:40.628198,0 days 00:00:34.947130,0.811892550334572,0.010343696979610363,6,52,870,65,0.009184516546778692,2.5711952479754876e-08,0.7166503940372579,COMPLETE
32,-0.46551724137931033,2026-06-29 08:48:40.629200,2026-06-29 08:49:01.529882,0 days 00:00:20.900682,0.8466418332656072,0.013022595075297055,4,59,799,37,0.008238660741605616,1.0460596028917315e-08,0.7510230289488433,COMPLETE
33,-0.5,2026-06-29 08:49:01.529882,2026-06-29 08:49:29.954118,0 days 00:00:28.424236,0.878998983372953,0.01883671132947478,9,27,921,87,0.3308399843311306,7.106148532000184e-08,0.6321594042076835,COMPLETE
34,-0.5172413793103449,2026-06-29 08:49:29.956112,2026-06-29 08:50:06.769093,0 days 00:00:36.812981,0.7785603798251003,0.01149233283240341,7,43,995,80,0.0009079690067530874,1.2091651618186137e-06,0.755525727787601,COMPLETE
35,-0.5258620689655172,2026-06-29 08:50:06.769093,2026-06-29 08:51:18.803843,0 days 00:01:12.034750,0.6532223533299731,0.016945995721603414,5,20,772,29,2.6147885882490898,2.3694823871056999e-07,0.5885791230601247,COMPLETE
36,-0.5344827586206896,2026-06-29 08:51:18.804846,2026-06-29 08:52:17.978303,0 days 00:00:59.173457,0.6526195662021024,0.016855601842692986,8,20,713,28,3.0090341892615062,1.8974782837818269e-07,0.5716720768856821,COMPLETE
37,-0.5258620689655172,2026-06-29 08:52:17.979305,2026-06-29 08:52:56.630714,0 days 00:00:38.651409,0.5733001015583127,0.02686509091332202,8,31,692,27,2.415033586545882,0.09924993920175663,0.56797568302968,COMPLETE
38,-0.49137931034482757,2026-06-29 08:52:56.630714,2026-06-29 08:53:12.864922,0 days 00:00:16.234208,0.7145952451625038,0.059985707448814235,10,10,510,35,5.317950940762494e-06,0.5457123563989268,0.6551639016078484,COMPLETE
39,-0.4827586206896552,2026-06-29 08:53:12.865918,2026-06-29 08:53:27.022159,0 days 00:00:14.156241,0.6701120513607601,0.08925219229756298,9,21,359,21,4.181833741170822,1.7098428359999563e-06,0.5172930468280318,COMPLETE
40,-0.3017241379310345,2026-06-29 08:53:27.022159,2026-06-29 08:53:36.377963,0 days 00:00:09.355804,0.5007250058963768,0.16307885736354136,8,16,581,52,0.8799947108270749,2.5637656943843002e-05,0.574133689123635,COMPLETE
41,-0.5258620689655172,2026-06-29 08:53:36.378934,2026-06-29 08:54:41.953373,0 days 00:01:05.574439,0.6390535745714715,0.017835398098828812,9,20,779,28,3.1257496940868985,2.9183166559668007e-07,0.5982894674009418,COMPLETE
42,-0.5172413793103449,2026-06-29 08:54:41.954374,2026-06-29 08:55:46.325291,0 days 00:01:04.370917,0.6572058234944079,0.015313495027137409,10,24,643,40,1.3865136710134474,9.904023485638978e-08,0.5549975147481804,COMPLETE
43,-0.4827586206896552,2026-06-29 08:55:46.326269,2026-06-29 08:56:01.999563,0 days 00:00:15.673294,0.5909934861430765,0.022341806085685534,4,28,693,28,0.379390695410125,5.706631289189559e-07,0.5957202956591534,COMPLETE
44,-0.5,2026-06-29 08:56:02.000561,2026-06-29 08:56:23.079584,0 days 00:00:21.079023,0.6913211282313466,0.018457567126101956,7,16,767,34,0.13677703529814947,5.214854563117159e-06,0.5121283744567083,COMPLETE
45,-0.47413793103448276,2026-06-29 08:56:23.080580,2026-06-29 08:56:38.705308,0 days 00:00:15.624728,0.6197404950551645,0.03305251411048875,8,35,434,48,9.161363568699894e-07,0.3557005907078984,0.6459035591898032,COMPLETE
46,-0.4827586206896552,2026-06-29 08:56:38.706310,2026-06-29 08:57:22.822862,0 days 00:00:44.116552,0.6062007504955429,0.015086426547943448,9,20,560,142,5.344621864944922,3.8087804123318806e-08,0.6819896716148263,COMPLETE
47,-0.5,2026-06-29 08:57:22.829922,2026-06-29 08:58:02.639855,0 days 00:00:39.809933,0.654546673481458,0.012680230073087438,5,24,386,56,0.0465207665897361,2.312013889733793e-07,0.5467004676121549,COMPLETE
48,-0.5086206896551724,2026-06-29 08:58:02.639855,2026-06-29 08:58:36.353058,0 days 00:00:33.713203,0.9660418002767922,0.02913955289346188,8,61,825,40,1.3712330623833484,3.123955269373774,0.5933500009780154,COMPLETE
49,-0.5172413793103449,2026-06-29 08:58:36.354033,2026-06-29 08:59:17.705072,0 days 00:00:41.351039,0.7441311108145456,0.02161102986980533,7,13,726,26,8.559813755896272,2.034068874554484e-05,0.7709917278645344,COMPLETE
